\BOOKMARK [1][]{section.1}{\376\377\000I\000n\000t\000r\000o\000d\000u\000c\000t\000i\000o\000n\000:\000\040\000W\000h\000a\000t\000\040\000i\000s\000\040\000a\000\040\000K\000n\000o\000w\000l\000e\000d\000g\000e\000\040\000G\000r\000a\000p\000h\000?}{}% 1
\BOOKMARK [1][]{section.2}{\376\377\000C\000o\000r\000e\000\040\000C\000o\000m\000p\000o\000n\000e\000n\000t\000s\000\040\000a\000n\000d\000\040\000C\000o\000n\000c\000e\000p\000t\000s}{}% 2
\BOOKMARK [2][]{subsection.2.1}{\376\377\000N\000o\000d\000e\000s\000\040\000\050\000E\000n\000t\000i\000t\000i\000e\000s\000\051}{section.2}% 3
\BOOKMARK [2][]{subsection.2.2}{\376\377\000E\000d\000g\000e\000s\000\040\000\050\000R\000e\000l\000a\000t\000i\000o\000n\000s\000h\000i\000p\000s\000\040\000a\000n\000d\000\040\000P\000r\000o\000p\000e\000r\000t\000i\000e\000s\000\051}{section.2}% 4
\BOOKMARK [2][]{subsection.2.3}{\376\377\000T\000r\000i\000p\000l\000e\000s\000\040\000\050\000S\000u\000b\000j\000e\000c\000t\000-\000P\000r\000e\000d\000i\000c\000a\000t\000e\000-\000O\000b\000j\000e\000c\000t\000\051}{section.2}% 5
\BOOKMARK [2][]{subsection.2.4}{\376\377\000S\000c\000h\000e\000m\000a\000\040\000a\000n\000d\000\040\000O\000n\000t\000o\000l\000o\000g\000y}{section.2}% 6
\BOOKMARK [2][]{subsection.2.5}{\376\377\000U\000n\000i\000q\000u\000e\000\040\000R\000e\000s\000o\000u\000r\000c\000e\000\040\000I\000d\000e\000n\000t\000i\000f\000i\000e\000r\000s\000\040\000\050\000U\000R\000I\000s\000\051}{section.2}% 7
\BOOKMARK [2][]{subsection.2.6}{\376\377\000V\000i\000s\000u\000a\000l\000\040\000E\000x\000a\000m\000p\000l\000e}{section.2}% 8
\BOOKMARK [1][]{section.3}{\376\377\000T\000y\000p\000e\000s\000\040\000o\000f\000\040\000K\000n\000o\000w\000l\000e\000d\000g\000e\000\040\000G\000r\000a\000p\000h\000s}{}% 9
\BOOKMARK [2][]{subsection.3.1}{\376\377\000S\000c\000o\000p\000e}{section.3}% 10
\BOOKMARK [2][]{subsection.3.2}{\376\377\000A\000c\000c\000e\000s\000s\000i\000b\000i\000l\000i\000t\000y\000\040\000a\000n\000d\000\040\000S\000o\000u\000r\000c\000e}{section.3}% 11
\BOOKMARK [1][]{section.4}{\376\377\000K\000n\000o\000w\000l\000e\000d\000g\000e\000\040\000G\000r\000a\000p\000h\000\040\000C\000r\000e\000a\000t\000i\000o\000n\000\040\000L\000i\000f\000e\000c\000y\000c\000l\000e}{}% 12
\BOOKMARK [2][]{subsection.4.1}{\376\377\000K\000n\000o\000w\000l\000e\000d\000g\000e\000\040\000E\000x\000t\000r\000a\000c\000t\000i\000o\000n}{section.4}% 13
\BOOKMARK [2][]{subsection.4.2}{\376\377\000K\000n\000o\000w\000l\000e\000d\000g\000e\000\040\000I\000n\000t\000e\000g\000r\000a\000t\000i\000o\000n\000\040\000a\000n\000d\000\040\000L\000i\000n\000k\000i\000n\000g}{section.4}% 14
\BOOKMARK [2][]{subsection.4.3}{\376\377\000K\000n\000o\000w\000l\000e\000d\000g\000e\000\040\000C\000u\000r\000a\000t\000i\000o\000n\000\040\000a\000n\000d\000\040\000R\000e\000f\000i\000n\000e\000m\000e\000n\000t}{section.4}% 15
\BOOKMARK [2][]{subsection.4.4}{\376\377\000K\000n\000o\000w\000l\000e\000d\000g\000e\000\040\000S\000t\000o\000r\000a\000g\000e}{section.4}% 16
\BOOKMARK [1][]{section.5}{\376\377\000Q\000u\000e\000r\000y\000i\000n\000g\000\040\000K\000n\000o\000w\000l\000e\000d\000g\000e\000\040\000G\000r\000a\000p\000h\000s}{}% 17
\BOOKMARK [2][]{subsection.5.1}{\376\377\000S\000P\000A\000R\000Q\000L\000\040\000\050\000S\000P\000A\000R\000Q\000L\000\040\000P\000r\000o\000t\000o\000c\000o\000l\000\040\000a\000n\000d\000\040\000R\000D\000F\000\040\000Q\000u\000e\000r\000y\000\040\000L\000a\000n\000g\000u\000a\000g\000e\000\051}{section.5}% 18
\BOOKMARK [2][]{subsection.5.2}{\376\377\000O\000t\000h\000e\000r\000\040\000Q\000u\000e\000r\000y\000\040\000M\000e\000c\000h\000a\000n\000i\000s\000m\000s}{section.5}% 19
\BOOKMARK [1][]{section.6}{\376\377\000A\000p\000p\000l\000i\000c\000a\000t\000i\000o\000n\000s\000\040\000o\000f\000\040\000K\000n\000o\000w\000l\000e\000d\000g\000e\000\040\000G\000r\000a\000p\000h\000s}{}% 20
\BOOKMARK [1][]{section.7}{\376\377\000B\000e\000n\000e\000f\000i\000t\000s\000\040\000o\000f\000\040\000U\000s\000i\000n\000g\000\040\000K\000n\000o\000w\000l\000e\000d\000g\000e\000\040\000G\000r\000a\000p\000h\000s}{}% 21
\BOOKMARK [1][]{section.8}{\376\377\000C\000h\000a\000l\000l\000e\000n\000g\000e\000s\000\040\000i\000n\000\040\000K\000n\000o\000w\000l\000e\000d\000g\000e\000\040\000G\000r\000a\000p\000h\000\040\000I\000m\000p\000l\000e\000m\000e\000n\000t\000a\000t\000i\000o\000n}{}% 22
\BOOKMARK [1][]{section.9}{\376\377\000F\000u\000t\000u\000r\000e\000\040\000D\000i\000r\000e\000c\000t\000i\000o\000n\000s}{}% 23
\BOOKMARK [1][]{section.10}{\376\377\000C\000o\000n\000c\000l\000u\000s\000i\000o\000n}{}% 24
\BOOKMARK [1][]{section*.2}{\376\377\000R\000e\000f\000e\000r\000e\000n\000c\000e\000s}{}% 25
